<?xml version="1.0" encoding="UTF-8"?>
<!-- Generated by org.testng.reporters.JUnitXMLReporter -->
<testsuite ignored="0" hostname="LAPTOP-JCG9MOEG" failures="1" tests="2" name="MyBanking _Test" time="34.392" errors="0" timestamp="2023-10-24T21:28:37 IST">
  <testcase classname="com.mybanking.testcases.TC_LoginTest_001" name="loginTest" time="6.808">
    <failure type="junit.framework.AssertionFailedError">
      <![CDATA[junit.framework.AssertionFailedError
at junit.framework.Assert.fail(Assert.java:47)
at junit.framework.Assert.assertTrue(Assert.java:20)
at junit.framework.Assert.assertTrue(Assert.java:27)
at com.mybanking.testcases.TC_LoginTest_001.loginTest(TC_LoginTest_001.java:29)
at java.base/java.util.ArrayList.forEach(ArrayList.java:1511)
... Removed 27 stack frames]]>
    </failure>
  </testcase> <!-- loginTest -->
  <testcase classname="com.mybanking.testcases.TC_DepositTest_001" name="DepositTest" time="7.101"/>
</testsuite> <!-- MyBanking _Test -->
