<?xml version="1.0" encoding="UTF-8"?>
<testng-results ignored="0" total="2" passed="1" failed="1" skipped="0">
  <reporter-output>
  </reporter-output>
  <suite started-at="2023-10-24T21:28:02 IST" name="MyBanking" finished-at="2023-10-24T21:28:36 IST" duration-ms="34392">
    <groups>
    </groups>
    <test started-at="2023-10-24T21:28:02 IST" name="MyBanking _Test" finished-at="2023-10-24T21:28:36 IST" duration-ms="34392">
      <class name="com.mybanking.testcases.TC_LoginTest_001">
        <test-method is-config="true" signature="setUp(java.lang.String)[pri:0, instance:com.mybanking.testcases.TC_LoginTest_001@a530d0a]" started-at="2023-10-24T21:28:03 IST" name="setUp" finished-at="2023-10-24T21:28:14 IST" duration-ms="11147" status="PASS">
          <params>
            <param index="0">
              <value>
                <![CDATA[chrome]]>
              </value>
            </param>
          </params>
          <reporter-output>
          </reporter-output>
        </test-method> <!-- setUp -->
        <test-method signature="loginTest()[pri:0, instance:com.mybanking.testcases.TC_LoginTest_001@a530d0a]" started-at="2023-10-24T21:28:14 IST" name="loginTest" finished-at="2023-10-24T21:28:21 IST" duration-ms="6808" status="FAIL">
          <exception class="junit.framework.AssertionFailedError">
            <full-stacktrace>
              <![CDATA[junit.framework.AssertionFailedError
at junit.framework.Assert.fail(Assert.java:47)
at junit.framework.Assert.assertTrue(Assert.java:20)
at junit.framework.Assert.assertTrue(Assert.java:27)
at com.mybanking.testcases.TC_LoginTest_001.loginTest(TC_LoginTest_001.java:29)
at java.base/jdk.internal.reflect.NativeMethodAccessorImpl.invoke0(Native Method)
at java.base/jdk.internal.reflect.NativeMethodAccessorImpl.invoke(NativeMethodAccessorImpl.java:77)
at java.base/jdk.internal.reflect.DelegatingMethodAccessorImpl.invoke(DelegatingMethodAccessorImpl.java:43)
at java.base/java.lang.reflect.Method.invoke(Method.java:568)
at org.testng.internal.MethodInvocationHelper.invokeMethod(MethodInvocationHelper.java:133)
at org.testng.internal.TestInvoker.invokeMethod(TestInvoker.java:598)
at org.testng.internal.TestInvoker.invokeTestMethod(TestInvoker.java:173)
at org.testng.internal.MethodRunner.runInSequence(MethodRunner.java:46)
at org.testng.internal.TestInvoker$MethodInvocationAgent.invoke(TestInvoker.java:824)
at org.testng.internal.TestInvoker.invokeTestMethods(TestInvoker.java:146)
at org.testng.internal.TestMethodWorker.invokeTestMethods(TestMethodWorker.java:146)
at org.testng.internal.TestMethodWorker.run(TestMethodWorker.java:128)
at java.base/java.util.ArrayList.forEach(ArrayList.java:1511)
at org.testng.TestRunner.privateRun(TestRunner.java:794)
at org.testng.TestRunner.run(TestRunner.java:596)
at org.testng.SuiteRunner.runTest(SuiteRunner.java:377)
at org.testng.SuiteRunner.runSequentially(SuiteRunner.java:371)
at org.testng.SuiteRunner.privateRun(SuiteRunner.java:332)
at org.testng.SuiteRunner.run(SuiteRunner.java:276)
at org.testng.SuiteRunnerWorker.runSuite(SuiteRunnerWorker.java:53)
at org.testng.SuiteRunnerWorker.run(SuiteRunnerWorker.java:96)
at org.testng.TestNG.runSuitesSequentially(TestNG.java:1212)
at org.testng.TestNG.runSuitesLocally(TestNG.java:1134)
at org.testng.TestNG.runSuites(TestNG.java:1063)
at org.testng.TestNG.run(TestNG.java:1031)
at org.testng.remote.AbstractRemoteTestNG.run(AbstractRemoteTestNG.java:115)
at org.testng.remote.RemoteTestNG.initAndRun(RemoteTestNG.java:251)
at org.testng.remote.RemoteTestNG.main(RemoteTestNG.java:77)
]]>
            </full-stacktrace>
          </exception> <!-- junit.framework.AssertionFailedError -->
          <reporter-output>
          </reporter-output>
        </test-method> <!-- loginTest -->
        <test-method is-config="true" signature="teardown()[pri:0, instance:com.mybanking.testcases.TC_LoginTest_001@a530d0a]" started-at="2023-10-24T21:28:21 IST" name="teardown" finished-at="2023-10-24T21:28:22 IST" duration-ms="728" status="PASS">
          <reporter-output>
          </reporter-output>
        </test-method> <!-- teardown -->
      </class> <!-- com.mybanking.testcases.TC_LoginTest_001 -->
      <class name="com.mybanking.testcases.TC_DepositTest_001">
        <test-method is-config="true" signature="setUp(java.lang.String)[pri:0, instance:com.mybanking.testcases.TC_DepositTest_001@1af2d44a]" started-at="2023-10-24T21:28:22 IST" name="setUp" finished-at="2023-10-24T21:28:29 IST" duration-ms="6930" status="PASS">
          <params>
            <param index="0">
              <value>
                <![CDATA[chrome]]>
              </value>
            </param>
          </params>
          <reporter-output>
          </reporter-output>
        </test-method> <!-- setUp -->
        <test-method signature="DepositTest(java.lang.String)[pri:0, instance:com.mybanking.testcases.TC_DepositTest_001@1af2d44a]" started-at="2023-10-24T21:28:29 IST" name="DepositTest" finished-at="2023-10-24T21:28:36 IST" duration-ms="7101" status="PASS">
          <params>
            <param index="0">
              <value>
                <![CDATA[chrome]]>
              </value>
            </param>
          </params>
          <reporter-output>
          </reporter-output>
        </test-method> <!-- DepositTest -->
        <test-method is-config="true" signature="teardown()[pri:0, instance:com.mybanking.testcases.TC_DepositTest_001@1af2d44a]" started-at="2023-10-24T21:28:36 IST" name="teardown" finished-at="2023-10-24T21:28:36 IST" duration-ms="792" status="PASS">
          <reporter-output>
          </reporter-output>
        </test-method> <!-- teardown -->
      </class> <!-- com.mybanking.testcases.TC_DepositTest_001 -->
    </test> <!-- MyBanking _Test -->
  </suite> <!-- MyBanking -->
</testng-results>
